2019-03-05 11:13:48.095 ERROR[main]org.springframework.boot.SpringApplication.reportFailure:858 -Application run failed
org.springframework.beans.factory.BeanCreationException: Error creating bean with name 'requestMappingHandlerMapping' defined in class path resource [org/springframework/boot/autoconfigure/web/servlet/WebMvcAutoConfiguration$EnableWebMvcConfiguration.class]: Bean instantiation via factory method failed; nested exception is org.springframework.beans.BeanInstantiationException: Failed to instantiate [org.springframework.web.servlet.mvc.method.annotation.RequestMappingHandlerMapping]: Factory method 'requestMappingHandlerMapping' threw exception; nested exception is java.lang.IllegalArgumentException: applicaitonContext未注入,请在applicationContext.xml中定义SpringContextUtil
	at org.springframework.beans.factory.support.ConstructorResolver.instantiate(ConstructorResolver.java:627)
	at org.springframework.beans.factory.support.ConstructorResolver.instantiateUsingFactoryMethod(ConstructorResolver.java:607)
	at org.springframework.beans.factory.support.AbstractAutowireCapableBeanFactory.instantiateUsingFactoryMethod(AbstractAutowireCapableBeanFactory.java:1305)
	at org.springframework.beans.factory.support.AbstractAutowireCapableBeanFactory.createBeanInstance(AbstractAutowireCapableBeanFactory.java:1144)
	at org.springframework.beans.factory.support.AbstractAutowireCapableBeanFactory.doCreateBean(AbstractAutowireCapableBeanFactory.java:555)
	at org.springframework.beans.factory.support.AbstractAutowireCapableBeanFactory.createBean(AbstractAutowireCapableBeanFactory.java:515)
	at org.springframework.beans.factory.support.AbstractBeanFactory.lambda$doGetBean$0(AbstractBeanFactory.java:320)
	at org.springframework.beans.factory.support.DefaultSingletonBeanRegistry.getSingleton(DefaultSingletonBeanRegistry.java:222)
	at org.springframework.beans.factory.support.AbstractBeanFactory.doGetBean(AbstractBeanFactory.java:318)
	at org.springframework.beans.factory.support.AbstractBeanFactory.getBean(AbstractBeanFactory.java:199)
	at org.springframework.beans.factory.support.DefaultListableBeanFactory.preInstantiateSingletons(DefaultListableBeanFactory.java:849)
	at org.springframework.context.support.AbstractApplicationContext.finishBeanFactoryInitialization(AbstractApplicationContext.java:877)
	at org.springframework.context.support.AbstractApplicationContext.refresh(AbstractApplicationContext.java:549)
	at org.springframework.boot.web.servlet.context.ServletWebServerApplicationContext.refresh(ServletWebServerApplicationContext.java:142)
	at org.springframework.boot.SpringApplication.refresh(SpringApplication.java:775)
	at org.springframework.boot.SpringApplication.refreshContext(SpringApplication.java:397)
	at org.springframework.boot.SpringApplication.run(SpringApplication.java:316)
	at org.springframework.boot.SpringApplication.run(SpringApplication.java:1260)
	at org.springframework.boot.SpringApplication.run(SpringApplication.java:1248)
	at com.threewater.webserver.webtemplate.WebTemplateApplication.main(WebTemplateApplication.java:14)
Caused by: org.springframework.beans.BeanInstantiationException: Failed to instantiate [org.springframework.web.servlet.mvc.method.annotation.RequestMappingHandlerMapping]: Factory method 'requestMappingHandlerMapping' threw exception; nested exception is java.lang.IllegalArgumentException: applicaitonContext未注入,请在applicationContext.xml中定义SpringContextUtil
	at org.springframework.beans.factory.support.SimpleInstantiationStrategy.instantiate(SimpleInstantiationStrategy.java:185)
	at org.springframework.beans.factory.support.ConstructorResolver.instantiate(ConstructorResolver.java:622)
	... 19 common frames omitted
Caused by: java.lang.IllegalArgumentException: applicaitonContext未注入,请在applicationContext.xml中定义SpringContextUtil
	at org.springframework.util.Assert.notNull(Assert.java:198)
	at com.threewater.webserver.webtemplate.util.SpringContextUtil.checkApplicationContext(SpringContextUtil.java:48)
	at com.threewater.webserver.webtemplate.util.SpringContextUtil.getBean(SpringContextUtil.java:34)
	at com.threewater.webserver.webtemplate.config.CustomWebMvcConfigure.addInterceptors(CustomWebMvcConfigure.java:21)
	at org.springframework.web.servlet.config.annotation.WebMvcConfigurerComposite.addInterceptors(WebMvcConfigurerComposite.java:88)
	at org.springframework.web.servlet.config.annotation.DelegatingWebMvcConfiguration.addInterceptors(DelegatingWebMvcConfiguration.java:83)
	at org.springframework.web.servlet.config.annotation.WebMvcConfigurationSupport.getInterceptors(WebMvcConfigurationSupport.java:329)
	at org.springframework.web.servlet.config.annotation.WebMvcConfigurationSupport.requestMappingHandlerMapping(WebMvcConfigurationSupport.java:277)
	at org.springframework.boot.autoconfigure.web.servlet.WebMvcAutoConfiguration$EnableWebMvcConfiguration.requestMappingHandlerMapping(WebMvcAutoConfiguration.java:500)
	at org.springframework.boot.autoconfigure.web.servlet.WebMvcAutoConfiguration$EnableWebMvcConfiguration$$EnhancerBySpringCGLIB$$21ce9af1.CGLIB$requestMappingHandlerMapping$3(<generated>)
	at org.springframework.boot.autoconfigure.web.servlet.WebMvcAutoConfiguration$EnableWebMvcConfiguration$$EnhancerBySpringCGLIB$$21ce9af1$$FastClassBySpringCGLIB$$2b754312.invoke(<generated>)
	at org.springframework.cglib.proxy.MethodProxy.invokeSuper(MethodProxy.java:244)
	at org.springframework.context.annotation.ConfigurationClassEnhancer$BeanMethodInterceptor.intercept(ConfigurationClassEnhancer.java:363)
	at org.springframework.boot.autoconfigure.web.servlet.WebMvcAutoConfiguration$EnableWebMvcConfiguration$$EnhancerBySpringCGLIB$$21ce9af1.requestMappingHandlerMapping(<generated>)
	at sun.reflect.NativeMethodAccessorImpl.invoke0(Native Method)
	at sun.reflect.NativeMethodAccessorImpl.invoke(NativeMethodAccessorImpl.java:62)
	at sun.reflect.DelegatingMethodAccessorImpl.invoke(DelegatingMethodAccessorImpl.java:43)
	at java.lang.reflect.Method.invoke(Method.java:498)
	at org.springframework.beans.factory.support.SimpleInstantiationStrategy.instantiate(SimpleInstantiationStrategy.java:154)
	... 20 common frames omitted
